<?xml version="1.0" encoding="UTF-8"?>
<!-- Generated by org.testng.reporters.JUnitXMLReporter -->
<testsuite ignored="0" hostname="Aniket-LenovoPC" failures="1" tests="4" name="Test" time="127.462" errors="0" timestamp="2024-09-01T21:16:24 IST">
  <testcase classname="testCases.Test_AccRegistrationPage" name="verify_account_regidtration" time="3.169"/>
  <testcase classname="testCases.Test_LoginPage" name="verify_Login" time="1.954"/>
  <testcase classname="testCases.Test_SearchPageProduct" name="verify_pruductSearch" time="0.9"/>
  <testcase classname="testCases.Test_AddCart" name="verify_addToCart" time="100.927">
    <failure type="java.lang.AssertionError" message="expected [true] but found [false]">
      <![CDATA[java.lang.AssertionError: expected [true] but found [false]
at testCases.Test_AddCart.verify_addToCart(Test_AddCart.java:33)
at java.base/java.util.ArrayList.forEach(ArrayList.java:1597)
... Removed 32 stack frames]]>
    </failure>
  </testcase> <!-- verify_addToCart -->
</testsuite> <!-- Test -->
