<?xml version="1.0" encoding="UTF-8"?>
<testng-results ignored="0" total="4" passed="3" failed="1" skipped="0">
  <reporter-output>
  </reporter-output>
  <suite started-at="2024-09-01T21:14:15 IST" name="Suite" finished-at="2024-09-01T21:16:23 IST" duration-ms="127462">
    <groups>
      <group name="Master">
        <method signature="Test_AccRegistrationPage.verify_account_regidtration()[pri:0, instance:testCases.Test_AccRegistrationPage@7a8c8dcf]" name="verify_account_regidtration" class="testCases.Test_AccRegistrationPage"/>
        <method signature="Test_AddCart.verify_addToCart()[pri:0, instance:testCases.Test_AddCart@b3ca52e]" name="verify_addToCart" class="testCases.Test_AddCart"/>
        <method signature="Test_LoginPage.verify_Login()[pri:0, instance:testCases.Test_LoginPage@752325ad]" name="verify_Login" class="testCases.Test_LoginPage"/>
        <method signature="Test_SearchPageProduct.verify_pruductSearch()[pri:0, instance:testCases.Test_SearchPageProduct@279fedbd]" name="verify_pruductSearch" class="testCases.Test_SearchPageProduct"/>
      </group> <!-- Master -->
      <group name="Sanity">
        <method signature="Test_LoginPage.verify_Login()[pri:0, instance:testCases.Test_LoginPage@752325ad]" name="verify_Login" class="testCases.Test_LoginPage"/>
      </group> <!-- Sanity -->
      <group name="Regression">
        <method signature="Test_AccRegistrationPage.verify_account_regidtration()[pri:0, instance:testCases.Test_AccRegistrationPage@7a8c8dcf]" name="verify_account_regidtration" class="testCases.Test_AccRegistrationPage"/>
      </group> <!-- Regression -->
    </groups>
    <test started-at="2024-09-01T21:14:15 IST" name="Test" finished-at="2024-09-01T21:16:23 IST" duration-ms="127462">
      <class name="testCases.Test_AccRegistrationPage">
        <test-method is-config="true" signature="setup(java.lang.String,java.lang.String)[pri:0, instance:testCases.Test_AccRegistrationPage@7a8c8dcf]" started-at="2024-09-01T21:14:16 IST" name="setup" finished-at="2024-09-01T21:14:22 IST" duration-ms="5807" status="PASS">
          <params>
            <param index="0">
              <value>
                <![CDATA[Windows]]>
              </value>
            </param>
            <param index="1">
              <value>
                <![CDATA[chrome]]>
              </value>
            </param>
          </params>
          <reporter-output>
          </reporter-output>
        </test-method> <!-- setup -->
        <test-method signature="verify_account_regidtration()[pri:0, instance:testCases.Test_AccRegistrationPage@7a8c8dcf]" started-at="2024-09-01T21:14:22 IST" name="verify_account_regidtration" finished-at="2024-09-01T21:14:25 IST" duration-ms="3169" status="PASS">
          <reporter-output>
          </reporter-output>
        </test-method> <!-- verify_account_regidtration -->
        <test-method is-config="true" signature="teardown()[pri:0, instance:testCases.Test_AccRegistrationPage@7a8c8dcf]" started-at="2024-09-01T21:14:25 IST" name="teardown" finished-at="2024-09-01T21:14:25 IST" duration-ms="303" status="PASS">
          <reporter-output>
          </reporter-output>
        </test-method> <!-- teardown -->
      </class> <!-- testCases.Test_AccRegistrationPage -->
      <class name="testCases.Test_AddCart">
        <test-method is-config="true" signature="setup(java.lang.String,java.lang.String)[pri:0, instance:testCases.Test_AddCart@b3ca52e]" started-at="2024-09-01T21:14:36 IST" name="setup" finished-at="2024-09-01T21:14:41 IST" duration-ms="4870" status="PASS">
          <params>
            <param index="0">
              <value>
                <![CDATA[Windows]]>
              </value>
            </param>
            <param index="1">
              <value>
                <![CDATA[chrome]]>
              </value>
            </param>
          </params>
          <reporter-output>
          </reporter-output>
        </test-method> <!-- setup -->
        <test-method signature="verify_addToCart()[pri:0, instance:testCases.Test_AddCart@b3ca52e]" started-at="2024-09-01T21:14:41 IST" name="verify_addToCart" finished-at="2024-09-01T21:16:22 IST" duration-ms="100927" status="FAIL">
          <exception class="java.lang.AssertionError">
            <message>
              <![CDATA[expected [true] but found [false]]]>
            </message>
            <full-stacktrace>
              <![CDATA[java.lang.AssertionError: expected [true] but found [false]
at org.testng.Assert.fail(Assert.java:111)
at org.testng.Assert.failNotEquals(Assert.java:1578)
at org.testng.Assert.assertEqualsImpl(Assert.java:150)
at org.testng.Assert.assertEquals(Assert.java:132)
at org.testng.Assert.assertEquals(Assert.java:1067)
at org.testng.Assert.assertEquals(Assert.java:1031)
at org.testng.Assert.assertEquals(Assert.java:1077)
at testCases.Test_AddCart.verify_addToCart(Test_AddCart.java:33)
at java.base/jdk.internal.reflect.DirectMethodHandleAccessor.invoke(DirectMethodHandleAccessor.java:103)
at java.base/java.lang.reflect.Method.invoke(Method.java:580)
at org.testng.internal.invokers.MethodInvocationHelper.invokeMethod(MethodInvocationHelper.java:141)
at org.testng.internal.invokers.TestInvoker.invokeMethod(TestInvoker.java:686)
at org.testng.internal.invokers.TestInvoker.invokeTestMethod(TestInvoker.java:230)
at org.testng.internal.invokers.MethodRunner.runInSequence(MethodRunner.java:63)
at org.testng.internal.invokers.TestInvoker$MethodInvocationAgent.invoke(TestInvoker.java:992)
at org.testng.internal.invokers.TestInvoker.invokeTestMethods(TestInvoker.java:203)
at org.testng.internal.invokers.TestMethodWorker.invokeTestMethods(TestMethodWorker.java:154)
at org.testng.internal.invokers.TestMethodWorker.run(TestMethodWorker.java:134)
at java.base/java.util.ArrayList.forEach(ArrayList.java:1597)
at org.testng.TestRunner.privateRun(TestRunner.java:739)
at org.testng.TestRunner.run(TestRunner.java:614)
at org.testng.SuiteRunner.runTest(SuiteRunner.java:421)
at org.testng.SuiteRunner.runSequentially(SuiteRunner.java:413)
at org.testng.SuiteRunner.privateRun(SuiteRunner.java:373)
at org.testng.SuiteRunner.run(SuiteRunner.java:312)
at org.testng.SuiteRunnerWorker.runSuite(SuiteRunnerWorker.java:52)
at org.testng.SuiteRunnerWorker.run(SuiteRunnerWorker.java:95)
at org.testng.TestNG.runSuitesSequentially(TestNG.java:1274)
at org.testng.TestNG.runSuitesLocally(TestNG.java:1208)
at org.testng.TestNG.runSuites(TestNG.java:1112)
at org.testng.TestNG.run(TestNG.java:1079)
at org.testng.remote.AbstractRemoteTestNG.run(AbstractRemoteTestNG.java:115)
at org.testng.remote.RemoteTestNG.initAndRun(RemoteTestNG.java:293)
at org.testng.remote.RemoteTestNG.main(RemoteTestNG.java:91)
]]>
            </full-stacktrace>
          </exception> <!-- java.lang.AssertionError -->
          <reporter-output>
          </reporter-output>
        </test-method> <!-- verify_addToCart -->
        <test-method is-config="true" signature="teardown()[pri:0, instance:testCases.Test_AddCart@b3ca52e]" started-at="2024-09-01T21:16:22 IST" name="teardown" finished-at="2024-09-01T21:16:23 IST" duration-ms="278" status="PASS">
          <reporter-output>
          </reporter-output>
        </test-method> <!-- teardown -->
      </class> <!-- testCases.Test_AddCart -->
      <class name="testCases.Test_LoginPage">
        <test-method is-config="true" signature="setup(java.lang.String,java.lang.String)[pri:0, instance:testCases.Test_LoginPage@752325ad]" started-at="2024-09-01T21:14:25 IST" name="setup" finished-at="2024-09-01T21:14:29 IST" duration-ms="4093" status="PASS">
          <params>
            <param index="0">
              <value>
                <![CDATA[Windows]]>
              </value>
            </param>
            <param index="1">
              <value>
                <![CDATA[chrome]]>
              </value>
            </param>
          </params>
          <reporter-output>
          </reporter-output>
        </test-method> <!-- setup -->
        <test-method signature="verify_Login()[pri:0, instance:testCases.Test_LoginPage@752325ad]" started-at="2024-09-01T21:14:29 IST" name="verify_Login" finished-at="2024-09-01T21:14:31 IST" duration-ms="1954" status="PASS">
          <reporter-output>
          </reporter-output>
        </test-method> <!-- verify_Login -->
        <test-method is-config="true" signature="teardown()[pri:0, instance:testCases.Test_LoginPage@752325ad]" started-at="2024-09-01T21:14:31 IST" name="teardown" finished-at="2024-09-01T21:14:31 IST" duration-ms="202" status="PASS">
          <reporter-output>
          </reporter-output>
        </test-method> <!-- teardown -->
      </class> <!-- testCases.Test_LoginPage -->
      <class name="testCases.Test_SearchPageProduct">
        <test-method is-config="true" signature="setup(java.lang.String,java.lang.String)[pri:0, instance:testCases.Test_SearchPageProduct@279fedbd]" started-at="2024-09-01T21:14:31 IST" name="setup" finished-at="2024-09-01T21:14:35 IST" duration-ms="3804" status="PASS">
          <params>
            <param index="0">
              <value>
                <![CDATA[Windows]]>
              </value>
            </param>
            <param index="1">
              <value>
                <![CDATA[chrome]]>
              </value>
            </param>
          </params>
          <reporter-output>
          </reporter-output>
        </test-method> <!-- setup -->
        <test-method signature="verify_pruductSearch()[pri:0, instance:testCases.Test_SearchPageProduct@279fedbd]" started-at="2024-09-01T21:14:35 IST" name="verify_pruductSearch" finished-at="2024-09-01T21:14:36 IST" duration-ms="900" status="PASS">
          <reporter-output>
          </reporter-output>
        </test-method> <!-- verify_pruductSearch -->
        <test-method is-config="true" signature="teardown()[pri:0, instance:testCases.Test_SearchPageProduct@279fedbd]" started-at="2024-09-01T21:14:36 IST" name="teardown" finished-at="2024-09-01T21:14:36 IST" duration-ms="230" status="PASS">
          <reporter-output>
          </reporter-output>
        </test-method> <!-- teardown -->
      </class> <!-- testCases.Test_SearchPageProduct -->
    </test> <!-- Test -->
  </suite> <!-- Suite -->
</testng-results>
